#
# A fatal error has been detected by the Java Runtime Environment:
#
#  EXCEPTION_ACCESS_VIOLATION (0xc0000005) at pc=0x0000000064a886a7, pid=26688, tid=5312
#
# JRE version: OpenJDK Runtime Environment (17.0.2+8) (build 17.0.2+8-86)
# Java VM: OpenJDK 64-Bit Server VM (17.0.2+8-86, mixed mode, sharing, tiered, compressed oops, compressed class ptrs, g1 gc, windows-amd64)
# Problematic frame:
# C  [imgui-java64.dll+0x886a7]
#
# No core dump will be written. Minidumps are not enabled by default on client versions of Windows
#
# If you would like to submit a bug report, please visit:
#   https://bugreport.java.com/bugreport/crash.jsp
# The crash happened outside the Java Virtual Machine in native code.
# See problematic frame for where to report the bug.
#

---------------  S U M M A R Y ------------

Command Line: -Dfile.encoding=windows-1252 -Duser.country=GB -Duser.language=en -Duser.variant -ea no.arnemunthekaas.Main

Host: 11th Gen Intel(R) Core(TM) i7-11700F @ 2.50GHz, 16 cores, 31G,  Windows 11 , 64 bit Build 22000 (10.0.22000.613)
Time: Sat Apr 16 12:43:07 2022 W. Europe Daylight Time elapsed time: 0.727343 seconds (0d 0h 0m 0s)

---------------  T H R E A D  ---------------

Current thread (0x000002d6b3c86170):  JavaThread "main" [_thread_in_native, id=5312, stack(0x000000e296d00000,0x000000e296e00000)]

Stack: [0x000000e296d00000,0x000000e296e00000],  sp=0x000000e296dfeed0,  free space=1019k
Native frames: (J=compiled Java code, j=interpreted, Vv=VM code, C=native code)
C  [imgui-java64.dll+0x886a7]

Java frames: (J=compiled Java code, j=interpreted, Vv=VM code)
j  imgui.ImDrawData.getCmdListsCount()I+0
j  imgui.gl3.ImGuiImplGl3.renderDrawData(Limgui/ImDrawData;)V+1
j  no.arnemunthekaas.editor.imgui.ImGuiLayer.endFrame()V+37
j  no.arnemunthekaas.editor.imgui.ImGuiLayer.update(FLno/arnemunthekaas/scenes/Scene;)V+44
j  no.arnemunthekaas.engine.Window.loop()V+193
j  no.arnemunthekaas.engine.Window.run()V+19
j  no.arnemunthekaas.Main.main([Ljava/lang/String;)V+5
v  ~StubRoutines::call_stub

siginfo: EXCEPTION_ACCESS_VIOLATION (0xc0000005), reading address 0x0000000000000004


Register to memory mapping:

RIP=0x0000000064a886a7 imgui-java64.dll
RAX=0x0 is NULL
RBX={method} {0x000002d6e169bd90} 'getCmdListsCount' '()I' in 'imgui/ImDrawData'
RCX=0x000002d6b3c86418 points into unknown readable memory: 0x000002d6e1c7f9a0 | a0 f9 c7 e1 d6 02 00 00
RDX=0x000000e296dfefa0 is pointing into the stack for thread: 0x000002d6b3c86170
RSP=0x000000e296dfeed0 is pointing into the stack for thread: 0x000002d6b3c86170
RBP=0x000000e296dfef80 is pointing into the stack for thread: 0x000002d6b3c86170
RSI=0x000002d6e1009ab0 is pointing into metadata
RDI=0x000002d6bb4d95cd is at code_begin+1325 in an Interpreter codelet
return entry points  [0x000002d6bb4d90a0, 0x000002d6bb4d9ba0]  2816 bytes
R8 =0x0000000000000042 is an unknown value
R9 =0x0000000621e53880 is an oop: imgui.ImDrawData 
{0x0000000621e53880} - klass: 'imgui/ImDrawData'
 - ---- fields (total size 3 words):
 - public 'ptr' 'J' @16  0 (0 0)
R10=0x00007ff886304a00 jvm.dll
R11=0x0 is NULL
R12=0x000002d6b3c86418 points into unknown readable memory: 0x000002d6e1c7f9a0 | a0 f9 c7 e1 d6 02 00 00
R13=0x000000e296dfefa0 is pointing into the stack for thread: 0x000002d6b3c86170
R14=0x000000e296dfefa0 is pointing into the stack for thread: 0x000002d6b3c86170
R15=0x000002d6b3c86170 is a thread


Registers:
RAX=0x0000000000000000, RBX=0x000002d6e169bd88, RCX=0x000002d6b3c86418, RDX=0x000000e296dfefa0
RSP=0x000000e296dfeed0, RBP=0x000000e296dfef80, RSI=0x000002d6e1009ab0, RDI=0x000002d6bb4d95cd
R8 =0x0000000000000042, R9 =0x0000000621e53880, R10=0x00007ff886304a00, R11=0x0000000000000000
R12=0x000002d6b3c86418, R13=0x000000e296dfefa0, R14=0x000000e296dfefa0, R15=0x000002d6b3c86170
RIP=0x0000000064a886a7, EFLAGS=0x0000000000010246

Top of Stack: (sp=0x000000e296dfeed0)
0x000000e296dfeed0:   000002d6bb4d95cd 000002d6bb4dd48e
0x000000e296dfeee0:   000002d6e169bd88 000002d6e169bd88
0x000000e296dfeef0:   000002d6e169bd88 0000000000000000
0x000000e296dfef00:   000002d6e169bd88 000002d6bb4dd621
0x000000e296dfef10:   000002d6e169bd88 000002d6e1009ab0
0x000000e296dfef20:   000002d6e16397d8 000002d6b3c86170
0x000000e296dfef30:   000002d6bb4dd2f6 000000e296dfef38
0x000000e296dfef40:   000002d6e169bd88 000000e296dfefa0
0x000000e296dfef50:   000002d6e169c9c0 0000000000000000
0x000000e296dfef60:   0000000621e53698 000002d6e169bd88
0x000000e296dfef70:   0000000000000000 000000e296dfefa0
0x000000e296dfef80:   000000e296dfeff0 000002d6bb4d9612
0x000000e296dfef90:   0000000000000000 000002d6bb4daf76
0x000000e296dfefa0:   0000000621e53880 000000e296dfefa8
0x000000e296dfefb0:   000002d6e1637d21 000000e296dff090
0x000000e296dfefc0:   000002d6e163b5e8 0000000000000000 

Instructions: (pc=0x0000000064a886a7)
0x0000000064a885a7:   83 c4 20 5b 41 5c 41 5d c3 41 56 41 55 41 54 56
0x0000000064a885b7:   53 48 83 ec 20 8b 74 24 70 49 89 cd 49 89 d6 49
0x0000000064a885c7:   63 d8 4d 89 cc 4d 85 c9 74 0f 48 8b 01 4c 89 ca
0x0000000064a885d7:   ff 90 30 07 00 00 49 89 c4 e8 5b 7a 10 00 4d 8b
0x0000000064a885e7:   4d 00 4c 89 f2 4c 89 e9 49 89 c0 41 ff 91 28 03
0x0000000064a885f7:   00 00 4c 63 c6 4c 89 e1 48 8b 40 10 48 8b 04 d8
0x0000000064a88607:   48 8b 50 28 48 83 c4 20 5b 5e 41 5c 41 5d 41 5e
0x0000000064a88617:   e9 fc a7 18 00 0f 1f 40 00 b8 14 00 00 00 c3 66
0x0000000064a88627:   2e 0f 1f 84 00 00 00 00 00 b8 02 00 00 00 c3 66
0x0000000064a88637:   2e 0f 1f 84 00 00 00 00 00 41 55 41 54 48 83 ec
0x0000000064a88647:   28 49 89 cc 49 89 d5 e8 ed 79 10 00 4d 8b 0c 24
0x0000000064a88657:   4c 89 ea 4c 89 e1 49 89 c0 41 ff 91 28 03 00 00
0x0000000064a88667:   0f b6 00 48 83 c4 28 41 5c 41 5d c3 66 66 2e 0f
0x0000000064a88677:   1f 84 00 00 00 00 00 66 90 41 55 41 54 48 83 ec
0x0000000064a88687:   28 49 89 cc 49 89 d5 e8 ad 79 10 00 4d 8b 0c 24
0x0000000064a88697:   4c 89 ea 4c 89 e1 49 89 c0 41 ff 91 28 03 00 00
0x0000000064a886a7:   8b 40 04 48 83 c4 28 41 5c 41 5d c3 66 66 2e 0f
0x0000000064a886b7:   1f 84 00 00 00 00 00 66 90 41 55 41 54 48 83 ec
0x0000000064a886c7:   28 49 89 cc 49 89 d5 e8 6d 79 10 00 4d 8b 0c 24
0x0000000064a886d7:   4c 89 ea 4c 89 e1 49 89 c0 41 ff 91 28 03 00 00
0x0000000064a886e7:   8b 40 08 48 83 c4 28 41 5c 41 5d c3 66 66 2e 0f
0x0000000064a886f7:   1f 84 00 00 00 00 00 66 90 41 55 41 54 48 83 ec
0x0000000064a88707:   28 49 89 cc 49 89 d5 e8 2d 79 10 00 4d 8b 0c 24
0x0000000064a88717:   4c 89 ea 4c 89 e1 49 89 c0 41 ff 91 28 03 00 00
0x0000000064a88727:   8b 40 0c 48 83 c4 28 41 5c 41 5d c3 66 66 2e 0f
0x0000000064a88737:   1f 84 00 00 00 00 00 66 90 41 55 41 54 53 48 83
0x0000000064a88747:   ec 20 49 89 cc 4c 89 c3 49 89 d5 e8 e9 78 10 00
0x0000000064a88757:   4d 8b 0c 24 4c 89 ea 4c 89 e1 49 89 c0 41 ff 91
0x0000000064a88767:   28 03 00 00 49 89 d8 4c 89 e1 48 8d 50 18 48 83
0x0000000064a88777:   c4 20 5b 41 5c 41 5d e9 fd 7d 10 00 66 66 2e 0f
0x0000000064a88787:   1f 84 00 00 00 00 00 66 90 41 55 41 54 48 83 ec
0x0000000064a88797:   28 49 89 cc 49 89 d5 e8 9d 78 10 00 4d 8b 0c 24 


Stack slot to memory mapping:
stack at sp + 0 slots: 0x000002d6bb4d95cd is at code_begin+1325 in an Interpreter codelet
return entry points  [0x000002d6bb4d90a0, 0x000002d6bb4d9ba0]  2816 bytes
stack at sp + 1 slots: 0x000002d6bb4dd48e is at code_begin+590 in an Interpreter codelet
method entry point (kind = native)  [0x000002d6bb4dd240, 0x000002d6bb4ddbc0]  2432 bytes
stack at sp + 2 slots: {method} {0x000002d6e169bd90} 'getCmdListsCount' '()I' in 'imgui/ImDrawData'
stack at sp + 3 slots: {method} {0x000002d6e169bd90} 'getCmdListsCount' '()I' in 'imgui/ImDrawData'
stack at sp + 4 slots: {method} {0x000002d6e169bd90} 'getCmdListsCount' '()I' in 'imgui/ImDrawData'
stack at sp + 5 slots: 0x0 is NULL
stack at sp + 6 slots: {method} {0x000002d6e169bd90} 'getCmdListsCount' '()I' in 'imgui/ImDrawData'
stack at sp + 7 slots: 0x000002d6bb4dd621 is at code_begin+993 in an Interpreter codelet
method entry point (kind = native)  [0x000002d6bb4dd240, 0x000002d6bb4ddbc0]  2432 bytes


---------------  P R O C E S S  ---------------

Threads class SMR info:
_java_thread_list=0x000002d6e87729a0, length=16, elements={
0x000002d6b3c86170, 0x000002d6e0c79620, 0x000002d6e0c7a1d0, 0x000002d6e0c8e6a0,
0x000002d6e1804190, 0x000002d6e1805150, 0x000002d6e1806b10, 0x000002d6e18080c0,
0x000002d6e181b020, 0x000002d6e183ba20, 0x000002d6e194abf0, 0x000002d6e198a3d0,
0x000002d6e198e690, 0x000002d6e1ba2c70, 0x000002d6e1ba3340, 0x000002d6e8877380
}

Java Threads: ( => current thread )
=>0x000002d6b3c86170 JavaThread "main" [_thread_in_native, id=5312, stack(0x000000e296d00000,0x000000e296e00000)]
  0x000002d6e0c79620 JavaThread "Reference Handler" daemon [_thread_blocked, id=24000, stack(0x000000e297400000,0x000000e297500000)]
  0x000002d6e0c7a1d0 JavaThread "Finalizer" daemon [_thread_blocked, id=2532, stack(0x000000e297500000,0x000000e297600000)]
  0x000002d6e0c8e6a0 JavaThread "Signal Dispatcher" daemon [_thread_blocked, id=11364, stack(0x000000e297600000,0x000000e297700000)]
  0x000002d6e1804190 JavaThread "Attach Listener" daemon [_thread_blocked, id=25740, stack(0x000000e297700000,0x000000e297800000)]
  0x000002d6e1805150 JavaThread "Service Thread" daemon [_thread_blocked, id=1984, stack(0x000000e297800000,0x000000e297900000)]
  0x000002d6e1806b10 JavaThread "Monitor Deflation Thread" daemon [_thread_blocked, id=2744, stack(0x000000e297900000,0x000000e297a00000)]
  0x000002d6e18080c0 JavaThread "C2 CompilerThread0" daemon [_thread_blocked, id=24960, stack(0x000000e297a00000,0x000000e297b00000)]
  0x000002d6e181b020 JavaThread "C1 CompilerThread0" daemon [_thread_blocked, id=15404, stack(0x000000e297b00000,0x000000e297c00000)]
  0x000002d6e183ba20 JavaThread "Sweeper thread" daemon [_thread_blocked, id=2548, stack(0x000000e297c00000,0x000000e297d00000)]
  0x000002d6e194abf0 JavaThread "C1 CompilerThread1" daemon [_thread_blocked, id=24436, stack(0x000000e297d00000,0x000000e297e00000)]
  0x000002d6e198a3d0 JavaThread "Notification Thread" daemon [_thread_blocked, id=9152, stack(0x000000e297e00000,0x000000e297f00000)]
  0x000002d6e198e690 JavaThread "Common-Cleaner" daemon [_thread_blocked, id=10644, stack(0x000000e298000000,0x000000e298100000)]
  0x000002d6e1ba2c70 JavaThread "C1 CompilerThread2" daemon [_thread_blocked, id=17552, stack(0x000000e298100000,0x000000e298200000)]
  0x000002d6e1ba3340 JavaThread "C1 CompilerThread3" daemon [_thread_blocked, id=1324, stack(0x000000e298800000,0x000000e298900000)]
  0x000002d6e8877380 JavaThread "C2 CompilerThread1" daemon [_thread_blocked, id=8368, stack(0x000000e298900000,0x000000e298a00000)]

Other Threads:
  0x000002d6e0c73b80 VMThread "VM Thread" [stack: 0x000000e297300000,0x000000e297400000] [id=23724]
  0x000002d6b3d17710 WatcherThread [stack: 0x000000e297f00000,0x000000e298000000] [id=22984]
  0x000002d6b3cfbd20 GCTaskThread "GC Thread#0" [stack: 0x000000e296e00000,0x000000e296f00000] [id=3776]
  0x000002d6b3d0cb20 ConcurrentGCThread "G1 Main Marker" [stack: 0x000000e296f00000,0x000000e297000000] [id=5868]
  0x000002d6b3d0d530 ConcurrentGCThread "G1 Conc#0" [stack: 0x000000e297000000,0x000000e297100000] [id=27356]
  0x000002d6b3d5e790 ConcurrentGCThread "G1 Refine#0" [stack: 0x000000e297100000,0x000000e297200000] [id=3772]
  0x000002d6e0b313c0 ConcurrentGCThread "G1 Service" [stack: 0x000000e297200000,0x000000e297300000] [id=5616]

Threads with active compile tasks:

VM state: not at safepoint (normal execution)

VM Mutex/Monitor currently owned by a thread: None

Heap address: 0x0000000602800000, size: 8152 MB, Compressed Oops mode: Zero based, Oop shift amount: 3

CDS archive(s) mapped at: [0x0000000800000000-0x0000000800bc0000-0x0000000800bc0000), size 12320768, SharedBaseAddress: 0x0000000800000000, ArchiveRelocationMode: 0.
Compressed class space mapped at: 0x0000000800c00000-0x0000000840c00000, reserved size: 1073741824
Narrow klass base: 0x0000000800000000, Narrow klass shift: 0, Narrow klass range: 0x100000000

GC Precious Log:
 CPUs: 16 total, 16 available
 Memory: 32605M
 Large Page Support: Disabled
 NUMA Support: Disabled
 Compressed Oops: Enabled (Zero based)
 Heap Region Size: 4M
 Heap Min Capacity: 8M
 Heap Initial Capacity: 512M
 Heap Max Capacity: 8152M
 Pre-touch: Disabled
 Parallel Workers: 13
 Concurrent Workers: 3
 Concurrent Refinement Workers: 13
 Periodic GC: Disabled

Heap:
 garbage-first heap   total 524288K, used 20480K [0x0000000602800000, 0x0000000800000000)
  region size 4096K, 6 young (24576K), 0 survivors (0K)
 Metaspace       used 8134K, committed 8320K, reserved 1064960K
  class space    used 536K, committed 640K, reserved 1048576K

Heap Regions: E=young(eden), S=young(survivor), O=old, HS=humongous(starts), HC=humongous(continues), CS=collection set, F=free, OA=open archive, CA=closed archive, TAMS=top-at-mark-start (previous, next)
|   0|0x0000000602800000, 0x0000000602800000, 0x0000000602c00000|  0%| F|  |TAMS 0x0000000602800000, 0x0000000602800000| Untracked 
|   1|0x0000000602c00000, 0x0000000602c00000, 0x0000000603000000|  0%| F|  |TAMS 0x0000000602c00000, 0x0000000602c00000| Untracked 
|   2|0x0000000603000000, 0x0000000603000000, 0x0000000603400000|  0%| F|  |TAMS 0x0000000603000000, 0x0000000603000000| Untracked 
|   3|0x0000000603400000, 0x0000000603400000, 0x0000000603800000|  0%| F|  |TAMS 0x0000000603400000, 0x0000000603400000| Untracked 
|   4|0x0000000603800000, 0x0000000603800000, 0x0000000603c00000|  0%| F|  |TAMS 0x0000000603800000, 0x0000000603800000| Untracked 
|   5|0x0000000603c00000, 0x0000000603c00000, 0x0000000604000000|  0%| F|  |TAMS 0x0000000603c00000, 0x0000000603c00000| Untracked 
|   6|0x0000000604000000, 0x0000000604000000, 0x0000000604400000|  0%| F|  |TAMS 0x0000000604000000, 0x0000000604000000| Untracked 
|   7|0x0000000604400000, 0x0000000604400000, 0x0000000604800000|  0%| F|  |TAMS 0x0000000604400000, 0x0000000604400000| Untracked 
|   8|0x0000000604800000, 0x0000000604800000, 0x0000000604c00000|  0%| F|  |TAMS 0x0000000604800000, 0x0000000604800000| Untracked 
|   9|0x0000000604c00000, 0x0000000604c00000, 0x0000000605000000|  0%| F|  |TAMS 0x0000000604c00000, 0x0000000604c00000| Untracked 
|  10|0x0000000605000000, 0x0000000605000000, 0x0000000605400000|  0%| F|  |TAMS 0x0000000605000000, 0x0000000605000000| Untracked 
|  11|0x0000000605400000, 0x0000000605400000, 0x0000000605800000|  0%| F|  |TAMS 0x0000000605400000, 0x0000000605400000| Untracked 
|  12|0x0000000605800000, 0x0000000605800000, 0x0000000605c00000|  0%| F|  |TAMS 0x0000000605800000, 0x0000000605800000| Untracked 
|  13|0x0000000605c00000, 0x0000000605c00000, 0x0000000606000000|  0%| F|  |TAMS 0x0000000605c00000, 0x0000000605c00000| Untracked 
|  14|0x0000000606000000, 0x0000000606000000, 0x0000000606400000|  0%| F|  |TAMS 0x0000000606000000, 0x0000000606000000| Untracked 
|  15|0x0000000606400000, 0x0000000606400000, 0x0000000606800000|  0%| F|  |TAMS 0x0000000606400000, 0x0000000606400000| Untracked 
|  16|0x0000000606800000, 0x0000000606800000, 0x0000000606c00000|  0%| F|  |TAMS 0x0000000606800000, 0x0000000606800000| Untracked 
|  17|0x0000000606c00000, 0x0000000606c00000, 0x0000000607000000|  0%| F|  |TAMS 0x0000000606c00000, 0x0000000606c00000| Untracked 
|  18|0x0000000607000000, 0x0000000607000000, 0x0000000607400000|  0%| F|  |TAMS 0x0000000607000000, 0x0000000607000000| Untracked 
|  19|0x0000000607400000, 0x0000000607400000, 0x0000000607800000|  0%| F|  |TAMS 0x0000000607400000, 0x0000000607400000| Untracked 
|  20|0x0000000607800000, 0x0000000607800000, 0x0000000607c00000|  0%| F|  |TAMS 0x0000000607800000, 0x0000000607800000| Untracked 
|  21|0x0000000607c00000, 0x0000000607c00000, 0x0000000608000000|  0%| F|  |TAMS 0x0000000607c00000, 0x0000000607c00000| Untracked 
|  22|0x0000000608000000, 0x0000000608000000, 0x0000000608400000|  0%| F|  |TAMS 0x0000000608000000, 0x0000000608000000| Untracked 
|  23|0x0000000608400000, 0x0000000608400000, 0x0000000608800000|  0%| F|  |TAMS 0x0000000608400000, 0x0000000608400000| Untracked 
|  24|0x0000000608800000, 0x0000000608800000, 0x0000000608c00000|  0%| F|  |TAMS 0x0000000608800000, 0x0000000608800000| Untracked 
|  25|0x0000000608c00000, 0x0000000608c00000, 0x0000000609000000|  0%| F|  |TAMS 0x0000000608c00000, 0x0000000608c00000| Untracked 
|  26|0x0000000609000000, 0x0000000609000000, 0x0000000609400000|  0%| F|  |TAMS 0x0000000609000000, 0x0000000609000000| Untracked 
|  27|0x0000000609400000, 0x0000000609400000, 0x0000000609800000|  0%| F|  |TAMS 0x0000000609400000, 0x0000000609400000| Untracked 
|  28|0x0000000609800000, 0x0000000609800000, 0x0000000609c00000|  0%| F|  |TAMS 0x0000000609800000, 0x0000000609800000| Untracked 
|  29|0x0000000609c00000, 0x0000000609c00000, 0x000000060a000000|  0%| F|  |TAMS 0x0000000609c00000, 0x0000000609c00000| Untracked 
|  30|0x000000060a000000, 0x000000060a000000, 0x000000060a400000|  0%| F|  |TAMS 0x000000060a000000, 0x000000060a000000| Untracked 
|  31|0x000000060a400000, 0x000000060a400000, 0x000000060a800000|  0%| F|  |TAMS 0x000000060a400000, 0x000000060a400000| Untracked 
|  32|0x000000060a800000, 0x000000060a800000, 0x000000060ac00000|  0%| F|  |TAMS 0x000000060a800000, 0x000000060a800000| Untracked 
|  33|0x000000060ac00000, 0x000000060ac00000, 0x000000060b000000|  0%| F|  |TAMS 0x000000060ac00000, 0x000000060ac00000| Untracked 
|  34|0x000000060b000000, 0x000000060b000000, 0x000000060b400000|  0%| F|  |TAMS 0x000000060b000000, 0x000000060b000000| Untracked 
|  35|0x000000060b400000, 0x000000060b400000, 0x000000060b800000|  0%| F|  |TAMS 0x000000060b400000, 0x000000060b400000| Untracked 
|  36|0x000000060b800000, 0x000000060b800000, 0x000000060bc00000|  0%| F|  |TAMS 0x000000060b800000, 0x000000060b800000| Untracked 
|  37|0x000000060bc00000, 0x000000060bc00000, 0x000000060c000000|  0%| F|  |TAMS 0x000000060bc00000, 0x000000060bc00000| Untracked 
|  38|0x000000060c000000, 0x000000060c000000, 0x000000060c400000|  0%| F|  |TAMS 0x000000060c000000, 0x000000060c000000| Untracked 
|  39|0x000000060c400000, 0x000000060c400000, 0x000000060c800000|  0%| F|  |TAMS 0x000000060c400000, 0x000000060c400000| Untracked 
|  40|0x000000060c800000, 0x000000060c800000, 0x000000060cc00000|  0%| F|  |TAMS 0x000000060c800000, 0x000000060c800000| Untracked 
|  41|0x000000060cc00000, 0x000000060cc00000, 0x000000060d000000|  0%| F|  |TAMS 0x000000060cc00000, 0x000000060cc00000| Untracked 
|  42|0x000000060d000000, 0x000000060d000000, 0x000000060d400000|  0%| F|  |TAMS 0x000000060d000000, 0x000000060d000000| Untracked 
|  43|0x000000060d400000, 0x000000060d400000, 0x000000060d800000|  0%| F|  |TAMS 0x000000060d400000, 0x000000060d400000| Untracked 
|  44|0x000000060d800000, 0x000000060d800000, 0x000000060dc00000|  0%| F|  |TAMS 0x000000060d800000, 0x000000060d800000| Untracked 
|  45|0x000000060dc00000, 0x000000060dc00000, 0x000000060e000000|  0%| F|  |TAMS 0x000000060dc00000, 0x000000060dc00000| Untracked 
|  46|0x000000060e000000, 0x000000060e000000, 0x000000060e400000|  0%| F|  |TAMS 0x000000060e000000, 0x000000060e000000| Untracked 
|  47|0x000000060e400000, 0x000000060e400000, 0x000000060e800000|  0%| F|  |TAMS 0x000000060e400000, 0x000000060e400000| Untracked 
|  48|0x000000060e800000, 0x000000060e800000, 0x000000060ec00000|  0%| F|  |TAMS 0x000000060e800000, 0x000000060e800000| Untracked 
|  49|0x000000060ec00000, 0x000000060ec00000, 0x000000060f000000|  0%| F|  |TAMS 0x000000060ec00000, 0x000000060ec00000| Untracked 
|  50|0x000000060f000000, 0x000000060f000000, 0x000000060f400000|  0%| F|  |TAMS 0x000000060f000000, 0x000000060f000000| Untracked 
|  51|0x000000060f400000, 0x000000060f400000, 0x000000060f800000|  0%| F|  |TAMS 0x000000060f400000, 0x000000060f400000| Untracked 
|  52|0x000000060f800000, 0x000000060f800000, 0x000000060fc00000|  0%| F|  |TAMS 0x000000060f800000, 0x000000060f800000| Untracked 
|  53|0x000000060fc00000, 0x000000060fc00000, 0x0000000610000000|  0%| F|  |TAMS 0x000000060fc00000, 0x000000060fc00000| Untracked 
|  54|0x0000000610000000, 0x0000000610000000, 0x0000000610400000|  0%| F|  |TAMS 0x0000000610000000, 0x0000000610000000| Untracked 
|  55|0x0000000610400000, 0x0000000610400000, 0x0000000610800000|  0%| F|  |TAMS 0x0000000610400000, 0x0000000610400000| Untracked 
|  56|0x0000000610800000, 0x0000000610800000, 0x0000000610c00000|  0%| F|  |TAMS 0x0000000610800000, 0x0000000610800000| Untracked 
|  57|0x0000000610c00000, 0x0000000610c00000, 0x0000000611000000|  0%| F|  |TAMS 0x0000000610c00000, 0x0000000610c00000| Untracked 
|  58|0x0000000611000000, 0x0000000611000000, 0x0000000611400000|  0%| F|  |TAMS 0x0000000611000000, 0x0000000611000000| Untracked 
|  59|0x0000000611400000, 0x0000000611400000, 0x0000000611800000|  0%| F|  |TAMS 0x0000000611400000, 0x0000000611400000| Untracked 
|  60|0x0000000611800000, 0x0000000611800000, 0x0000000611c00000|  0%| F|  |TAMS 0x0000000611800000, 0x0000000611800000| Untracked 
|  61|0x0000000611c00000, 0x0000000611c00000, 0x0000000612000000|  0%| F|  |TAMS 0x0000000611c00000, 0x0000000611c00000| Untracked 
|  62|0x0000000612000000, 0x0000000612000000, 0x0000000612400000|  0%| F|  |TAMS 0x0000000612000000, 0x0000000612000000| Untracked 
|  63|0x0000000612400000, 0x0000000612400000, 0x0000000612800000|  0%| F|  |TAMS 0x0000000612400000, 0x0000000612400000| Untracked 
|  64|0x0000000612800000, 0x0000000612800000, 0x0000000612c00000|  0%| F|  |TAMS 0x0000000612800000, 0x0000000612800000| Untracked 
|  65|0x0000000612c00000, 0x0000000612c00000, 0x0000000613000000|  0%| F|  |TAMS 0x0000000612c00000, 0x0000000612c00000| Untracked 
|  66|0x0000000613000000, 0x0000000613000000, 0x0000000613400000|  0%| F|  |TAMS 0x0000000613000000, 0x0000000613000000| Untracked 
|  67|0x0000000613400000, 0x0000000613400000, 0x0000000613800000|  0%| F|  |TAMS 0x0000000613400000, 0x0000000613400000| Untracked 
|  68|0x0000000613800000, 0x0000000613800000, 0x0000000613c00000|  0%| F|  |TAMS 0x0000000613800000, 0x0000000613800000| Untracked 
|  69|0x0000000613c00000, 0x0000000613c00000, 0x0000000614000000|  0%| F|  |TAMS 0x0000000613c00000, 0x0000000613c00000| Untracked 
|  70|0x0000000614000000, 0x0000000614000000, 0x0000000614400000|  0%| F|  |TAMS 0x0000000614000000, 0x0000000614000000| Untracked 
|  71|0x0000000614400000, 0x0000000614400000, 0x0000000614800000|  0%| F|  |TAMS 0x0000000614400000, 0x0000000614400000| Untracked 
|  72|0x0000000614800000, 0x0000000614800000, 0x0000000614c00000|  0%| F|  |TAMS 0x0000000614800000, 0x0000000614800000| Untracked 
|  73|0x0000000614c00000, 0x0000000614c00000, 0x0000000615000000|  0%| F|  |TAMS 0x0000000614c00000, 0x0000000614c00000| Untracked 
|  74|0x0000000615000000, 0x0000000615000000, 0x0000000615400000|  0%| F|  |TAMS 0x0000000615000000, 0x0000000615000000| Untracked 
|  75|0x0000000615400000, 0x0000000615400000, 0x0000000615800000|  0%| F|  |TAMS 0x0000000615400000, 0x0000000615400000| Untracked 
|  76|0x0000000615800000, 0x0000000615800000, 0x0000000615c00000|  0%| F|  |TAMS 0x0000000615800000, 0x0000000615800000| Untracked 
|  77|0x0000000615c00000, 0x0000000615c00000, 0x0000000616000000|  0%| F|  |TAMS 0x0000000615c00000, 0x0000000615c00000| Untracked 
|  78|0x0000000616000000, 0x0000000616000000, 0x0000000616400000|  0%| F|  |TAMS 0x0000000616000000, 0x0000000616000000| Untracked 
|  79|0x0000000616400000, 0x0000000616400000, 0x0000000616800000|  0%| F|  |TAMS 0x0000000616400000, 0x0000000616400000| Untracked 
|  80|0x0000000616800000, 0x0000000616800000, 0x0000000616c00000|  0%| F|  |TAMS 0x0000000616800000, 0x0000000616800000| Untracked 
|  81|0x0000000616c00000, 0x0000000616c00000, 0x0000000617000000|  0%| F|  |TAMS 0x0000000616c00000, 0x0000000616c00000| Untracked 
|  82|0x0000000617000000, 0x0000000617000000, 0x0000000617400000|  0%| F|  |TAMS 0x0000000617000000, 0x0000000617000000| Untracked 
|  83|0x0000000617400000, 0x0000000617400000, 0x0000000617800000|  0%| F|  |TAMS 0x0000000617400000, 0x0000000617400000| Untracked 
|  84|0x0000000617800000, 0x0000000617800000, 0x0000000617c00000|  0%| F|  |TAMS 0x0000000617800000, 0x0000000617800000| Untracked 
|  85|0x0000000617c00000, 0x0000000617c00000, 0x0000000618000000|  0%| F|  |TAMS 0x0000000617c00000, 0x0000000617c00000| Untracked 
|  86|0x0000000618000000, 0x0000000618000000, 0x0000000618400000|  0%| F|  |TAMS 0x0000000618000000, 0x0000000618000000| Untracked 
|  87|0x0000000618400000, 0x0000000618400000, 0x0000000618800000|  0%| F|  |TAMS 0x0000000618400000, 0x0000000618400000| Untracked 
|  88|0x0000000618800000, 0x0000000618800000, 0x0000000618c00000|  0%| F|  |TAMS 0x0000000618800000, 0x0000000618800000| Untracked 
|  89|0x0000000618c00000, 0x0000000618c00000, 0x0000000619000000|  0%| F|  |TAMS 0x0000000618c00000, 0x0000000618c00000| Untracked 
|  90|0x0000000619000000, 0x0000000619000000, 0x0000000619400000|  0%| F|  |TAMS 0x0000000619000000, 0x0000000619000000| Untracked 
|  91|0x0000000619400000, 0x0000000619400000, 0x0000000619800000|  0%| F|  |TAMS 0x0000000619400000, 0x0000000619400000| Untracked 
|  92|0x0000000619800000, 0x0000000619800000, 0x0000000619c00000|  0%| F|  |TAMS 0x0000000619800000, 0x0000000619800000| Untracked 
|  93|0x0000000619c00000, 0x0000000619c00000, 0x000000061a000000|  0%| F|  |TAMS 0x0000000619c00000, 0x0000000619c00000| Untracked 
|  94|0x000000061a000000, 0x000000061a000000, 0x000000061a400000|  0%| F|  |TAMS 0x000000061a000000, 0x000000061a000000| Untracked 
|  95|0x000000061a400000, 0x000000061a400000, 0x000000061a800000|  0%| F|  |TAMS 0x000000061a400000, 0x000000061a400000| Untracked 
|  96|0x000000061a800000, 0x000000061a800000, 0x000000061ac00000|  0%| F|  |TAMS 0x000000061a800000, 0x000000061a800000| Untracked 
|  97|0x000000061ac00000, 0x000000061ac00000, 0x000000061b000000|  0%| F|  |TAMS 0x000000061ac00000, 0x000000061ac00000| Untracked 
|  98|0x000000061b000000, 0x000000061b000000, 0x000000061b400000|  0%| F|  |TAMS 0x000000061b000000, 0x000000061b000000| Untracked 
|  99|0x000000061b400000, 0x000000061b400000, 0x000000061b800000|  0%| F|  |TAMS 0x000000061b400000, 0x000000061b400000| Untracked 
| 100|0x000000061b800000, 0x000000061b800000, 0x000000061bc00000|  0%| F|  |TAMS 0x000000061b800000, 0x000000061b800000| Untracked 
| 101|0x000000061bc00000, 0x000000061bc00000, 0x000000061c000000|  0%| F|  |TAMS 0x000000061bc00000, 0x000000061bc00000| Untracked 
| 102|0x000000061c000000, 0x000000061c000000, 0x000000061c400000|  0%| F|  |TAMS 0x000000061c000000, 0x000000061c000000| Untracked 
| 103|0x000000061c400000, 0x000000061c400000, 0x000000061c800000|  0%| F|  |TAMS 0x000000061c400000, 0x000000061c400000| Untracked 
| 104|0x000000061c800000, 0x000000061c800000, 0x000000061cc00000|  0%| F|  |TAMS 0x000000061c800000, 0x000000061c800000| Untracked 
| 105|0x000000061cc00000, 0x000000061cc00000, 0x000000061d000000|  0%| F|  |TAMS 0x000000061cc00000, 0x000000061cc00000| Untracked 
| 106|0x000000061d000000, 0x000000061d000000, 0x000000061d400000|  0%| F|  |TAMS 0x000000061d000000, 0x000000061d000000| Untracked 
| 107|0x000000061d400000, 0x000000061d400000, 0x000000061d800000|  0%| F|  |TAMS 0x000000061d400000, 0x000000061d400000| Untracked 
| 108|0x000000061d800000, 0x000000061d800000, 0x000000061dc00000|  0%| F|  |TAMS 0x000000061d800000, 0x000000061d800000| Untracked 
| 109|0x000000061dc00000, 0x000000061dc00000, 0x000000061e000000|  0%| F|  |TAMS 0x000000061dc00000, 0x000000061dc00000| Untracked 
| 110|0x000000061e000000, 0x000000061e000000, 0x000000061e400000|  0%| F|  |TAMS 0x000000061e000000, 0x000000061e000000| Untracked 
| 111|0x000000061e400000, 0x000000061e400000, 0x000000061e800000|  0%| F|  |TAMS 0x000000061e400000, 0x000000061e400000| Untracked 
| 112|0x000000061e800000, 0x000000061e800000, 0x000000061ec00000|  0%| F|  |TAMS 0x000000061e800000, 0x000000061e800000| Untracked 
| 113|0x000000061ec00000, 0x000000061ec00000, 0x000000061f000000|  0%| F|  |TAMS 0x000000061ec00000, 0x000000061ec00000| Untracked 
| 114|0x000000061f000000, 0x000000061f000000, 0x000000061f400000|  0%| F|  |TAMS 0x000000061f000000, 0x000000061f000000| Untracked 
| 115|0x000000061f400000, 0x000000061f400000, 0x000000061f800000|  0%| F|  |TAMS 0x000000061f400000, 0x000000061f400000| Untracked 
| 116|0x000000061f800000, 0x000000061f800000, 0x000000061fc00000|  0%| F|  |TAMS 0x000000061f800000, 0x000000061f800000| Untracked 
| 117|0x000000061fc00000, 0x000000061fc00000, 0x0000000620000000|  0%| F|  |TAMS 0x000000061fc00000, 0x000000061fc00000| Untracked 
| 118|0x0000000620000000, 0x0000000620000000, 0x0000000620400000|  0%| F|  |TAMS 0x0000000620000000, 0x0000000620000000| Untracked 
| 119|0x0000000620400000, 0x0000000620400000, 0x0000000620800000|  0%| F|  |TAMS 0x0000000620400000, 0x0000000620400000| Untracked 
| 120|0x0000000620800000, 0x0000000620800000, 0x0000000620c00000|  0%| F|  |TAMS 0x0000000620800000, 0x0000000620800000| Untracked 
| 121|0x0000000620c00000, 0x0000000620c00000, 0x0000000621000000|  0%| F|  |TAMS 0x0000000620c00000, 0x0000000620c00000| Untracked 
| 122|0x0000000621000000, 0x000000062112b600, 0x0000000621400000| 29%| E|  |TAMS 0x0000000621000000, 0x0000000621000000| Complete 
| 123|0x0000000621400000, 0x0000000621800000, 0x0000000621800000|100%| E|CS|TAMS 0x0000000621400000, 0x0000000621400000| Complete 
| 124|0x0000000621800000, 0x0000000621c00000, 0x0000000621c00000|100%| E|CS|TAMS 0x0000000621800000, 0x0000000621800000| Complete 
| 125|0x0000000621c00000, 0x0000000622000000, 0x0000000622000000|100%| E|CS|TAMS 0x0000000621c00000, 0x0000000621c00000| Complete 
| 126|0x0000000622000000, 0x0000000622400000, 0x0000000622400000|100%| E|CS|TAMS 0x0000000622000000, 0x0000000622000000| Complete 
| 127|0x0000000622400000, 0x0000000622800000, 0x0000000622800000|100%| E|CS|TAMS 0x0000000622400000, 0x0000000622400000| Complete 

Card table byte_map: [0x000002d6cbd40000,0x000002d6ccd30000] _byte_map_base: 0x000002d6c8d2c000

Marking Bits (Prev, Next): (CMBitMap*) 0x000002d6b3cfc330, (CMBitMap*) 0x000002d6b3cfc370
 Prev Bits: [0x000002d6cdd20000, 0x000002d6d5c80000)
 Next Bits: [0x000002d6d5c80000, 0x000002d6ddbe0000)

Polling page: 0x000002d6b3460000

Metaspace:

Usage:
  Non-class:      7.42 MB used.
      Class:    536.94 KB used.
       Both:      7.94 MB used.

Virtual space:
  Non-class space:       16.00 MB reserved,       7.50 MB ( 47%) committed,  2 nodes.
      Class space:        1.00 GB reserved,     640.00 KB ( <1%) committed,  1 nodes.
             Both:        1.02 GB reserved,       8.12 MB ( <1%) committed. 

Chunk freelists:
   Non-Class:  2.25 MB
       Class:  3.33 MB
        Both:  5.58 MB

MaxMetaspaceSize: unlimited
CompressedClassSpaceSize: 1.00 GB
Initial GC threshold: 21.00 MB
Current GC threshold: 21.00 MB
CDS: on
MetaspaceReclaimPolicy: balanced
 - commit_granule_bytes: 65536.
 - commit_granule_words: 8192.
 - virtual_space_node_default_size: 1048576.
 - enlarge_chunks_in_place: 1.
 - new_chunks_are_fully_committed: 0.
 - uncommit_free_chunks: 1.
 - use_allocation_guard: 0.
 - handle_deallocations: 1.


Internal statistics:

num_allocs_failed_limit: 0.
num_arena_births: 118.
num_arena_deaths: 0.
num_vsnodes_births: 3.
num_vsnodes_deaths: 0.
num_space_committed: 128.
num_space_uncommitted: 0.
num_chunks_returned_to_freelist: 0.
num_chunks_taken_from_freelist: 374.
num_chunk_merges: 0.
num_chunk_splits: 267.
num_chunks_enlarged: 208.
num_purges: 0.
num_inconsistent_stats: 0.

CodeHeap 'non-profiled nmethods': size=119168Kb used=272Kb max_used=272Kb free=118895Kb
 bounds [0x000002d6c3070000, 0x000002d6c32e0000, 0x000002d6ca4d0000]
CodeHeap 'profiled nmethods': size=119104Kb used=2018Kb max_used=2018Kb free=117085Kb
 bounds [0x000002d6bbc20000, 0x000002d6bbe90000, 0x000002d6c3070000]
CodeHeap 'non-nmethods': size=7488Kb used=3469Kb max_used=3469Kb free=4018Kb
 bounds [0x000002d6bb4d0000, 0x000002d6bb840000, 0x000002d6bbc20000]
 total_blobs=2334 nmethods=1082 adapters=1162
 compilation: enabled
              stopped_count=0, restarted_count=0
 full_count=0

Compilation events (20 events):
Event: 0.713 Thread 0x000002d6e181b020 nmethod 1073 0x000002d6c30b3490 code [0x000002d6c30b3620, 0x000002d6c30b36f8]
Event: 0.713 Thread 0x000002d6e1ba2c70 nmethod 1072 0x000002d6bbe16710 code [0x000002d6bbe168c0, 0x000002d6bbe16b38]
Event: 0.713 Thread 0x000002d6e1ba2c70 1074       3       org.joml.Math::fma (19 bytes)
Event: 0.714 Thread 0x000002d6e1ba2c70 nmethod 1074 0x000002d6bbe16c90 code [0x000002d6bbe16e20, 0x000002d6bbe16f18]
Event: 0.715 Thread 0x000002d6e1ba2c70 1075       3       java.util.concurrent.ConcurrentHashMap::isEmpty (15 bytes)
Event: 0.715 Thread 0x000002d6e194abf0 1076       3       java.lang.ClassLoader::findNative (21 bytes)
Event: 0.715 Thread 0x000002d6e181b020 1077       3       jdk.internal.loader.NativeLibraries::find (72 bytes)
Event: 0.715 Thread 0x000002d6e1ba2c70 nmethod 1075 0x000002d6bbe16f90 code [0x000002d6bbe17140, 0x000002d6bbe172e8]
Event: 0.715 Thread 0x000002d6e194abf0 nmethod 1076 0x000002d6bbe17390 code [0x000002d6bbe17560, 0x000002d6bbe17778]
Event: 0.715 Thread 0x000002d6e181b020 nmethod 1077 0x000002d6bbe17890 code [0x000002d6bbe17ac0, 0x000002d6bbe18358]
Event: 0.716 Thread 0x000002d6e194abf0 1078       1       no.arnemunthekaas.engine.renderer.Texture::getID (5 bytes)
Event: 0.716 Thread 0x000002d6e181b020 1079       1       no.arnemunthekaas.engine.entities.components.Sprite::getTexCoords (5 bytes)
Event: 0.716 Thread 0x000002d6e194abf0 nmethod 1078 0x000002d6c30b3790 code [0x000002d6c30b3920, 0x000002d6c30b39f8]
Event: 0.716 Thread 0x000002d6e1ba3340 1080       1       no.arnemunthekaas.engine.entities.components.Sprite::getWidth (5 bytes)
Event: 0.716 Thread 0x000002d6e1ba2c70 1082       3       no.arnemunthekaas.engine.entities.components.Spritesheet::size (10 bytes)
Event: 0.716 Thread 0x000002d6e194abf0 1081       1       no.arnemunthekaas.engine.entities.components.Sprite::getHeight (5 bytes)
Event: 0.716 Thread 0x000002d6e181b020 nmethod 1079 0x000002d6c30b3a90 code [0x000002d6c30b3c20, 0x000002d6c30b3cf8]
Event: 0.716 Thread 0x000002d6e1ba3340 nmethod 1080 0x000002d6c30b3d90 code [0x000002d6c30b3f20, 0x000002d6c30b3ff8]
Event: 0.716 Thread 0x000002d6e194abf0 nmethod 1081 0x000002d6c30b4090 code [0x000002d6c30b4220, 0x000002d6c30b42f8]
Event: 0.716 Thread 0x000002d6e1ba2c70 nmethod 1082 0x000002d6bbe18610 code [0x000002d6bbe187c0, 0x000002d6bbe189a8]

GC Heap History (0 events):
No events

Deoptimization events (20 events):
Event: 0.099 Thread 0x000002d6b3c86170 DEOPT PACKING pc=0x000002d6bbc27d51 sp=0x000000e296dfad70
Event: 0.099 Thread 0x000002d6b3c86170 DEOPT UNPACKING pc=0x000002d6bb526763 sp=0x000000e296dfa1e8 mode 0
Event: 0.410 Thread 0x000002d6b3c86170 Uncommon trap: trap_request=0xffffff54 fr.pc=0x000002d6c309b9e0 relative=0x0000000000000060
Event: 0.410 Thread 0x000002d6b3c86170 Uncommon trap: reason=speculate_null_assert action=make_not_entrant pc=0x000002d6c309b9e0 method=sun.misc.Unsafe.putLong(Ljava/lang/Object;JJ)V @ 7 c2
Event: 0.410 Thread 0x000002d6b3c86170 DEOPT PACKING pc=0x000002d6c309b9e0 sp=0x000000e296dfee00
Event: 0.410 Thread 0x000002d6b3c86170 DEOPT UNPACKING pc=0x000002d6bb525c23 sp=0x000000e296dfed78 mode 2
Event: 0.464 Thread 0x000002d6b3c86170 DEOPT PACKING pc=0x000002d6bbc61265 sp=0x000000e296dfa7c0
Event: 0.464 Thread 0x000002d6b3c86170 DEOPT UNPACKING pc=0x000002d6bb526763 sp=0x000000e296df9c10 mode 0
Event: 0.613 Thread 0x000002d6b3c86170 DEOPT PACKING pc=0x000002d6bbc951fe sp=0x000000e296dfe180
Event: 0.613 Thread 0x000002d6b3c86170 DEOPT UNPACKING pc=0x000002d6bb526763 sp=0x000000e296dfd5f0 mode 0
Event: 0.635 Thread 0x000002d6b3c86170 Uncommon trap: trap_request=0xffffff45 fr.pc=0x000002d6c30aa224 relative=0x0000000000000504
Event: 0.635 Thread 0x000002d6b3c86170 Uncommon trap: reason=unstable_if action=reinterpret pc=0x000002d6c30aa224 method=java.lang.StringLatin1.newString([BII)Ljava/lang/String; @ 1 c2
Event: 0.635 Thread 0x000002d6b3c86170 DEOPT PACKING pc=0x000002d6c30aa224 sp=0x000000e296dfec90
Event: 0.635 Thread 0x000002d6b3c86170 DEOPT UNPACKING pc=0x000002d6bb525c23 sp=0x000000e296dfebf0 mode 2
Event: 0.636 Thread 0x000002d6b3c86170 DEOPT PACKING pc=0x000002d6bbc9c33f sp=0x000000e296dfed30
Event: 0.636 Thread 0x000002d6b3c86170 DEOPT UNPACKING pc=0x000002d6bb526763 sp=0x000000e296dfe1e0 mode 0
Event: 0.636 Thread 0x000002d6b3c86170 Uncommon trap: trap_request=0xffffff45 fr.pc=0x000002d6c30a6b3c relative=0x000000000000041c
Event: 0.636 Thread 0x000002d6b3c86170 Uncommon trap: reason=unstable_if action=reinterpret pc=0x000002d6c30a6b3c method=java.lang.StringLatin1.newString([BII)Ljava/lang/String; @ 1 c2
Event: 0.636 Thread 0x000002d6b3c86170 DEOPT PACKING pc=0x000002d6c30a6b3c sp=0x000000e296dfec10
Event: 0.636 Thread 0x000002d6b3c86170 DEOPT UNPACKING pc=0x000002d6bb525c23 sp=0x000000e296dfebf0 mode 2

Classes unloaded (0 events):
No events

Classes redefined (0 events):
No events

Internal exceptions (20 events):
Event: 0.107 Thread 0x000002d6b3c86170 Exception <a 'java/lang/NoSuchMethodError'{0x0000000622133490}: 'int java.lang.invoke.DirectMethodHandle$Holder.invokeStaticInit(java.lang.Object, java.lang.Object, int, long)'> (0x0000000622133490) 
thrown [t:\workspace\open\src\hotspot\share\interpreter\linkResolver.cpp, line 766]
Event: 0.107 Thread 0x000002d6b3c86170 Exception <a 'java/lang/NoSuchMethodError'{0x0000000622138d58}: 'java.lang.Object java.lang.invoke.DirectMethodHandle$Holder.newInvokeSpecial(java.lang.Object, java.lang.Object, int)'> (0x0000000622138d58) 
thrown [t:\workspace\open\src\hotspot\share\interpreter\linkResolver.cpp, line 766]
Event: 0.108 Thread 0x000002d6b3c86170 Exception <a 'java/lang/NoSuchMethodError'{0x0000000622147b68}: 'int java.lang.invoke.DirectMethodHandle$Holder.invokeStaticInit(java.lang.Object, java.lang.Object, long, long)'> (0x0000000622147b68) 
thrown [t:\workspace\open\src\hotspot\share\interpreter\linkResolver.cpp, line 766]
Event: 0.109 Thread 0x000002d6b3c86170 Exception <a 'java/lang/NoSuchMethodError'{0x000000062214d8f0}: 'java.lang.Object java.lang.invoke.DirectMethodHandle$Holder.newInvokeSpecial(java.lang.Object, java.lang.Object, long)'> (0x000000062214d8f0) 
thrown [t:\workspace\open\src\hotspot\share\interpreter\linkResolver.cpp, line 766]
Event: 0.109 Thread 0x000002d6b3c86170 Exception <a 'java/lang/NoSuchMethodError'{0x00000006221511b8}: 'java.lang.Object java.lang.invoke.Invokers$Holder.linkToTargetMethod(java.lang.Object, long, java.lang.Object)'> (0x00000006221511b8) 
thrown [t:\workspace\open\src\hotspot\share\interpreter\linkResolver.cpp, line 766]
Event: 0.109 Thread 0x000002d6b3c86170 Exception <a 'java/lang/NoSuchMethodError'{0x0000000622158688}: 'int java.lang.invoke.DirectMethodHandle$Holder.invokeStaticInit(java.lang.Object, java.lang.Object, java.lang.Object, long)'> (0x0000000622158688) 
thrown [t:\workspace\open\src\hotspot\share\interpreter\linkResolver.cpp, line 766]
Event: 0.120 Thread 0x000002d6b3c86170 Exception <a 'sun/nio/fs/WindowsException'{0x00000006221f87d8}> (0x00000006221f87d8) 
thrown [t:\workspace\open\src\hotspot\share\prims\jni.cpp, line 516]
Event: 0.120 Thread 0x000002d6b3c86170 Exception <a 'sun/nio/fs/WindowsException'{0x00000006221f8b48}> (0x00000006221f8b48) 
thrown [t:\workspace\open\src\hotspot\share\prims\jni.cpp, line 516]
Event: 0.374 Thread 0x000002d6b3c86170 Exception <a 'java/lang/NoSuchMethodError'{0x0000000622261738}: 'void java.lang.invoke.DirectMethodHandle$Holder.invokeStaticInit(java.lang.Object, long, double, double)'> (0x0000000622261738) 
thrown [t:\workspace\open\src\hotspot\share\interpreter\linkResolver.cpp, line 766]
Event: 0.376 Thread 0x000002d6b3c86170 Exception <a 'java/lang/NoSuchMethodError'{0x0000000622271368}: 'void java.lang.invoke.DirectMethodHandle$Holder.invokeStaticInit(java.lang.Object, long, int, int, int)'> (0x0000000622271368) 
thrown [t:\workspace\open\src\hotspot\share\interpreter\linkResolver.cpp, line 766]
Event: 0.378 Thread 0x000002d6b3c86170 Exception <a 'java/lang/NoSuchMethodError'{0x000000062228b370}: 'void java.lang.invoke.DirectMethodHandle$Holder.invokeStaticInit(java.lang.Object, long, int, int, int, int)'> (0x000000062228b370) 
thrown [t:\workspace\open\src\hotspot\share\interpreter\linkResolver.cpp, line 766]
Event: 0.379 Thread 0x000002d6b3c86170 Exception <a 'java/lang/NoSuchMethodError'{0x00000006222977e8}: 'void java.lang.invoke.DirectMethodHandle$Holder.invokeStatic(java.lang.Object, long, int, int)'> (0x00000006222977e8) 
thrown [t:\workspace\open\src\hotspot\share\interpreter\linkResolver.cpp, line 766]
Event: 0.398 Thread 0x000002d6b3c86170 Exception <a 'sun/nio/fs/WindowsException'{0x00000006222c4f40}> (0x00000006222c4f40) 
thrown [t:\workspace\open\src\hotspot\share\prims\jni.cpp, line 516]
Event: 0.398 Thread 0x000002d6b3c86170 Exception <a 'sun/nio/fs/WindowsException'{0x00000006222c52f0}> (0x00000006222c52f0) 
thrown [t:\workspace\open\src\hotspot\share\prims\jni.cpp, line 516]
Event: 0.400 Thread 0x000002d6b3c86170 Exception <a 'sun/nio/fs/WindowsException'{0x00000006222ccac8}> (0x00000006222ccac8) 
thrown [t:\workspace\open\src\hotspot\share\prims\jni.cpp, line 516]
Event: 0.400 Thread 0x000002d6b3c86170 Exception <a 'sun/nio/fs/WindowsException'{0x00000006222ccdb0}> (0x00000006222ccdb0) 
thrown [t:\workspace\open\src\hotspot\share\prims\jni.cpp, line 516]
Event: 0.468 Thread 0x000002d6b3c86170 Exception <a 'sun/nio/fs/WindowsException'{0x0000000621e332d0}> (0x0000000621e332d0) 
thrown [t:\workspace\open\src\hotspot\share\prims\jni.cpp, line 516]
Event: 0.542 Thread 0x000002d6b3c86170 Exception <a 'java/lang/NoSuchMethodError'{0x0000000621e98288}: 'void java.lang.invoke.DirectMethodHandle$Holder.invokeVirtual(java.lang.Object, java.lang.Object, long, int)'> (0x0000000621e98288) 
thrown [t:\workspace\open\src\hotspot\share\interpreter\linkResolver.cpp, line 766]
Event: 0.643 Thread 0x000002d6b3c86170 Exception <a 'sun/nio/fs/WindowsException'{0x0000000621544ac0}> (0x0000000621544ac0) 
thrown [t:\workspace\open\src\hotspot\share\prims\jni.cpp, line 516]
Event: 0.643 Thread 0x000002d6b3c86170 Exception <a 'sun/nio/fs/WindowsException'{0x0000000621544e48}> (0x0000000621544e48) 
thrown [t:\workspace\open\src\hotspot\share\prims\jni.cpp, line 516]

VM Operations (4 events):
Event: 0.046 Executing VM operation: HandshakeAllThreads
Event: 0.046 Executing VM operation: HandshakeAllThreads done
Event: 0.500 Executing VM operation: HandshakeAllThreads
Event: 0.500 Executing VM operation: HandshakeAllThreads done

Events (20 events):
Event: 0.609 loading class jdk/internal/reflect/Label
Event: 0.609 loading class jdk/internal/reflect/Label done
Event: 0.609 loading class jdk/internal/reflect/Label$PatchInfo
Event: 0.609 loading class jdk/internal/reflect/Label$PatchInfo done
Event: 0.609 loading class jdk/internal/reflect/MethodAccessorGenerator$1
Event: 0.609 loading class jdk/internal/reflect/MethodAccessorGenerator$1 done
Event: 0.609 loading class jdk/internal/reflect/ClassDefiner
Event: 0.609 loading class jdk/internal/reflect/ClassDefiner done
Event: 0.609 loading class jdk/internal/reflect/ClassDefiner$1
Event: 0.609 loading class jdk/internal/reflect/ClassDefiner$1 done
Event: 0.610 loading class jdk/internal/reflect/BootstrapConstructorAccessorImpl
Event: 0.610 loading class jdk/internal/reflect/BootstrapConstructorAccessorImpl done
Event: 0.613 Thread 0x000002d6e1ba2c70 Thread added: 0x000002d6e1ba2c70
Event: 0.615 Thread 0x000002d6e1ba3340 Thread added: 0x000002d6e1ba3340
Event: 0.617 Thread 0x000002d6e8877380 Thread added: 0x000002d6e8877380
Event: 0.643 Loaded shared library C:\Users\arneg\AppData\Local\Temp\lwjglarneg\3.3.1-SNAPSHOT\lwjgl_stb.dll
Event: 0.649 loading class java/util/ComparableTimSort
Event: 0.649 loading class java/util/ComparableTimSort done
Event: 0.668 loading class java/lang/SecurityException
Event: 0.668 loading class java/lang/SecurityException done


Dynamic libraries:
0x00007ff71df10000 - 0x00007ff71df1e000 	C:\Users\arneg\.jdks\openjdk-17.0.2\bin\java.exe
0x00007ff90de80000 - 0x00007ff90e089000 	C:\windows\SYSTEM32\ntdll.dll
0x00007ff90d9e0000 - 0x00007ff90da9d000 	C:\windows\System32\KERNEL32.DLL
0x00007ff90b930000 - 0x00007ff90bca4000 	C:\windows\System32\KERNELBASE.dll
0x00007ff90b810000 - 0x00007ff90b921000 	C:\windows\System32\ucrtbase.dll
0x00007ff8e7880000 - 0x00007ff8e789a000 	C:\Users\arneg\.jdks\openjdk-17.0.2\bin\VCRUNTIME140.dll
0x00007ff8d6090000 - 0x00007ff8d60a8000 	C:\Users\arneg\.jdks\openjdk-17.0.2\bin\jli.dll
0x00007ff90c630000 - 0x00007ff90c7dc000 	C:\windows\System32\USER32.dll
0x00007ff8f8ec0000 - 0x00007ff8f9165000 	C:\windows\WinSxS\amd64_microsoft.windows.common-controls_6595b64144ccf1df_6.0.22000.120_none_9d947278b86cc467\COMCTL32.dll
0x00007ff90b7e0000 - 0x00007ff90b806000 	C:\windows\System32\win32u.dll
0x00007ff90d930000 - 0x00007ff90d9d3000 	C:\windows\System32\msvcrt.dll
0x00007ff90ccc0000 - 0x00007ff90cce9000 	C:\windows\System32\GDI32.dll
0x00007ff90b6c0000 - 0x00007ff90b7d2000 	C:\windows\System32\gdi32full.dll
0x00007ff90b620000 - 0x00007ff90b6bd000 	C:\windows\System32\msvcp_win.dll
0x00007ff90dd70000 - 0x00007ff90dda1000 	C:\windows\System32\IMM32.DLL
0x00007ff8fcbb0000 - 0x00007ff8fcbbc000 	C:\Users\arneg\.jdks\openjdk-17.0.2\bin\vcruntime140_1.dll
0x00007ff8877d0000 - 0x00007ff88785d000 	C:\Users\arneg\.jdks\openjdk-17.0.2\bin\msvcp140.dll
0x00007ff885800000 - 0x00007ff8863c1000 	C:\Users\arneg\.jdks\openjdk-17.0.2\bin\server\jvm.dll
0x00007ff90daa0000 - 0x00007ff90db4e000 	C:\windows\System32\ADVAPI32.dll
0x00007ff90c580000 - 0x00007ff90c61e000 	C:\windows\System32\sechost.dll
0x00007ff90d2b0000 - 0x00007ff90d3d0000 	C:\windows\System32\RPCRT4.dll
0x00007ff90c620000 - 0x00007ff90c628000 	C:\windows\System32\PSAPI.DLL
0x00007ff8f4750000 - 0x00007ff8f4759000 	C:\windows\SYSTEM32\WSOCK32.dll
0x00007ff905530000 - 0x00007ff90553a000 	C:\windows\SYSTEM32\VERSION.dll
0x00007ff8fdbe0000 - 0x00007ff8fdc13000 	C:\windows\SYSTEM32\WINMM.dll
0x00007ff90d240000 - 0x00007ff90d2af000 	C:\windows\System32\WS2_32.dll
0x00007ff90a430000 - 0x00007ff90a448000 	C:\windows\SYSTEM32\kernel.appcore.dll
0x00007ff8e7870000 - 0x00007ff8e787a000 	C:\Users\arneg\.jdks\openjdk-17.0.2\bin\jimage.dll
0x00007ff908f30000 - 0x00007ff909151000 	C:\windows\SYSTEM32\DBGHELP.DLL
0x00007ff8f1910000 - 0x00007ff8f1941000 	C:\windows\SYSTEM32\dbgcore.DLL
0x00007ff90b430000 - 0x00007ff90b4af000 	C:\windows\System32\bcryptPrimitives.dll
0x00007ff88ae60000 - 0x00007ff88ae85000 	C:\Users\arneg\.jdks\openjdk-17.0.2\bin\java.dll
0x00007ff885720000 - 0x00007ff8857f6000 	C:\Users\arneg\.jdks\openjdk-17.0.2\bin\jsvml.dll
0x00007ff90bd20000 - 0x00007ff90c4cf000 	C:\windows\System32\SHELL32.dll
0x00007ff9094a0000 - 0x00007ff909d08000 	C:\windows\SYSTEM32\windows.storage.dll
0x00007ff90c940000 - 0x00007ff90ccb8000 	C:\windows\System32\combase.dll
0x00007ff909330000 - 0x00007ff909496000 	C:\windows\SYSTEM32\wintypes.dll
0x00007ff90c7e0000 - 0x00007ff90c8ca000 	C:\windows\System32\SHCORE.dll
0x00007ff90cd60000 - 0x00007ff90cdbd000 	C:\windows\System32\shlwapi.dll
0x00007ff90b2a0000 - 0x00007ff90b2c1000 	C:\windows\SYSTEM32\profapi.dll
0x00007ff88ae40000 - 0x00007ff88ae59000 	C:\Users\arneg\.jdks\openjdk-17.0.2\bin\net.dll
0x00007ff906350000 - 0x00007ff90645c000 	C:\windows\SYSTEM32\WINHTTP.dll
0x00007ff90a860000 - 0x00007ff90a8c7000 	C:\windows\system32\mswsock.dll
0x00007ff88ae20000 - 0x00007ff88ae36000 	C:\Users\arneg\.jdks\openjdk-17.0.2\bin\nio.dll
0x00007ff887fd0000 - 0x00007ff887fe8000 	C:\Users\arneg\.jdks\openjdk-17.0.2\bin\zip.dll
0x00007ff908220000 - 0x00007ff908295000 	C:\Users\arneg\AppData\Local\Temp\lwjglarneg\3.3.1-SNAPSHOT\lwjgl.dll
0x00007ff9081b0000 - 0x00007ff908211000 	C:\Users\arneg\AppData\Local\Temp\lwjglarneg\3.3.1-SNAPSHOT\glfw.dll
0x00007ff908160000 - 0x00007ff9081a5000 	C:\windows\SYSTEM32\dinput8.dll
0x00007ff8b3b50000 - 0x00007ff8b3b61000 	C:\windows\SYSTEM32\xinput1_4.dll
0x00007ff90b040000 - 0x00007ff90b08c000 	C:\windows\SYSTEM32\cfgmgr32.dll
0x00007ff90b090000 - 0x00007ff90b0bc000 	C:\windows\SYSTEM32\DEVOBJ.dll
0x00007ff908970000 - 0x00007ff90899f000 	C:\windows\SYSTEM32\dwmapi.dll
0x00007ff8efb00000 - 0x00007ff8efcc9000 	C:\windows\SYSTEM32\inputhost.dll
0x00007ff907a50000 - 0x00007ff907b82000 	C:\windows\SYSTEM32\CoreMessaging.dll
0x00007ff908570000 - 0x00007ff90861c000 	C:\windows\system32\uxtheme.dll
0x00007ff90dbd0000 - 0x00007ff90dcee000 	C:\windows\System32\MSCTF.dll
0x00007ff90aae0000 - 0x00007ff90aaec000 	C:\windows\SYSTEM32\CRYPTBASE.DLL
0x00007ff88d6a0000 - 0x00007ff88d7a1000 	C:\windows\SYSTEM32\opengl32.dll
0x00007ff88d670000 - 0x00007ff88d69d000 	C:\windows\SYSTEM32\GLU32.dll
0x00007ff9086d0000 - 0x00007ff908708000 	C:\windows\SYSTEM32\dxcore.dll
0x00007ff90c4d0000 - 0x00007ff90c57f000 	C:\windows\System32\clbcatq.dll
0x00007ff87c450000 - 0x00007ff87f478000 	C:\windows\System32\DriverStore\FileRepository\nv_dispi.inf_amd64_c0e159863e7afdde\nvoglv64.dll
0x00007ff90cdd0000 - 0x00007ff90d23c000 	C:\windows\System32\SETUPAPI.dll
0x00007ff90d590000 - 0x00007ff90d72a000 	C:\windows\System32\ole32.dll
0x00007ff90d830000 - 0x00007ff90d906000 	C:\windows\System32\OLEAUT32.dll
0x00007ff907310000 - 0x00007ff907324000 	C:\windows\SYSTEM32\WTSAPI32.dll
0x00007ff90ab60000 - 0x00007ff90ab72000 	C:\windows\SYSTEM32\msasn1.dll
0x00007ff9054f0000 - 0x00007ff905521000 	C:\windows\SYSTEM32\cryptnet.dll
0x00007ff90b4b0000 - 0x00007ff90b612000 	C:\windows\System32\CRYPT32.dll
0x00007ff904e20000 - 0x00007ff904f69000 	C:\windows\SYSTEM32\drvstore.dll
0x00007ff90ac20000 - 0x00007ff90ac5d000 	C:\windows\SYSTEM32\wldp.dll
0x00007ff90bcb0000 - 0x00007ff90bd17000 	C:\windows\System32\WINTRUST.dll
0x00007ff908830000 - 0x00007ff908864000 	C:\windows\SYSTEM32\ntmarta.dll
0x00007ff8b3d80000 - 0x00007ff8b4047000 	C:\windows\system32\nvspcap64.dll
0x00007ff90ae60000 - 0x00007ff90aead000 	C:\windows\SYSTEM32\powrprof.dll
0x00007ff90ad10000 - 0x00007ff90ad23000 	C:\windows\SYSTEM32\UMPDC.dll
0x00007ff90a900000 - 0x00007ff90a963000 	C:\windows\SYSTEM32\WINSTA.dll
0x00007ff8f2690000 - 0x00007ff8f27bd000 	C:\windows\SYSTEM32\textinputframework.dll
0x00007ff904f70000 - 0x00007ff9052dd000 	C:\windows\SYSTEM32\CoreUIComponents.dll
0x00007ff8e75d0000 - 0x00007ff8e762d000 	C:\Users\arneg\AppData\Local\Temp\lwjglarneg\3.3.1-SNAPSHOT\lwjgl_opengl.dll
0x0000000064a00000 - 0x000000006580f000 	C:\Users\arneg\AppData\Local\Temp\imgui-java-natives_1650105786747\imgui-java64.dll
0x00007ff8e75b0000 - 0x00007ff8e75c0000 	C:\Users\arneg\.jdks\openjdk-17.0.2\bin\verify.dll
0x00007ff8e3080000 - 0x00007ff8e3101000 	C:\Users\arneg\AppData\Local\Temp\lwjglarneg\3.3.1-SNAPSHOT\lwjgl_stb.dll

dbghelp: loaded successfully - version: 4.0.5 - missing functions: none
symbol engine: initialized successfully - sym options: 0x614 - pdb path: .;C:\Users\arneg\.jdks\openjdk-17.0.2\bin;C:\windows\SYSTEM32;C:\windows\WinSxS\amd64_microsoft.windows.common-controls_6595b64144ccf1df_6.0.22000.120_none_9d947278b86cc467;C:\Users\arneg\.jdks\openjdk-17.0.2\bin\server;C:\Users\arneg\AppData\Local\Temp\lwjglarneg\3.3.1-SNAPSHOT;C:\windows\System32\DriverStore\FileRepository\nv_dispi.inf_amd64_c0e159863e7afdde;C:\Users\arneg\AppData\Local\Temp\imgui-java-natives_1650105786747

VM Arguments:
jvm_args: -Dfile.encoding=windows-1252 -Duser.country=GB -Duser.language=en -Duser.variant -ea 
java_command: no.arnemunthekaas.Main
java_class_path (initial): E:\Gamedev\WS\2DEngine\build\classes\java\main;E:\Gamedev\WS\2DEngine\build\resources\main;E:\Gamedev\WS\2DEngine\libs\jbox2d-library.jar;C:\Users\arneg\Downloads\gradle-6.3-bin\gradle-6.3\caches\modules-2\files-2.1\com.google.code.gson\gson\2.9.0\8a1167e089096758b49f9b34066ef98b2f4b37aa\gson-2.9.0.jar;C:\Users\arneg\Downloads\gradle-6.3-bin\gradle-6.3\caches\modules-2\files-2.1\io.github.spair\imgui-java-app\1.86.4\23a06b57a93761cd02b242051e9117bac40d0f7\imgui-java-app-1.86.4.jar;C:\Users\arneg\Downloads\gradle-6.3-bin\gradle-6.3\caches\modules-2\files-2.1\io.github.spair\imgui-java-lwjgl3\1.86.4\a538b7aa58be1c26e0dfe0b5395aaf58cb24e3dd\imgui-java-lwjgl3-1.86.4.jar;C:\Users\arneg\Downloads\gradle-6.3-bin\gradle-6.3\caches\modules-2\files-2.1\org.lwjgl\lwjgl-assimp\3.3.1\312072f451794f25670aebb0160ce6ec88aff842\lwjgl-assimp-3.3.1.jar;C:\Users\arneg\Downloads\gradle-6.3-bin\gradle-6.3\caches\modules-2\files-2.1\org.lwjgl\lwjgl-assimp\3.3.1\bfa2a0d57acbf952b716d0ad8a3acbd7ad9f5639\lwjgl-assimp-3.3.1-natives-windows.jar;C:\Users\arneg\Downloads\gradle-6.3-bin\gradle-6.3\caches\modules-2\files-2.1\org.lwjgl\lwjgl-glfw\3.3.1\cbac1b8d30cb4795149c1ef540f912671a8616d0\lwjgl-glfw-3.3.1.jar;C:\Users\arneg\Downloads\gradle-6.3-bin\gradle-6.3\caches\modules-2\files-2.1\org.lwjgl\lwjgl-glfw\3.3.1\ed892f945cf7e79c8756796f32d00fa4ceaf573b\lwjgl-glfw-3.3.1-natives-windows.jar;C:\Users\arneg\Downloads\gradle-6.3-bin\gradle-6.3\caches\modules-2\files-2.1\org.lwjgl\lwjgl-glfw\3.3.1\81716978214ecbda15050ca394b06ef61501a49e\lwjgl-glfw-3.3.1-natives-linux.jar;C:\Users\arneg\Downloads\gradle-6.3-bin\gradle-6.3\caches\modules-2\files-2.1\org.lwjgl\lwjgl-glfw\3.3.1\9ec4ce1fc8c85fdef03ef4ff2aace6f5775fb280\lwjgl-glfw-3.3.1-natives-macos.jar;C:\Users\arneg\Downloads\gradle-6.3-bin\gradle-6.3\caches\modules-2\files-2.1\org.lwjgl\lwjgl-nfd\3.3.1\622318116996ddcff449b46cb38f0fdee39b8ac3\lwjgl-nfd-3.3.1.jar;C:\Users\arneg\Downloads\gradle-6.3-bin\gradle-6.3\caches\mod
Launcher Type: SUN_STANDARD

[Global flags]
     intx CICompilerCount                          = 12                                        {product} {ergonomic}
     uint ConcGCThreads                            = 3                                         {product} {ergonomic}
     uint G1ConcRefinementThreads                  = 13                                        {product} {ergonomic}
   size_t G1HeapRegionSize                         = 4194304                                   {product} {ergonomic}
    uintx GCDrainStackTargetSize                   = 64                                        {product} {ergonomic}
   size_t InitialHeapSize                          = 536870912                                 {product} {ergonomic}
   size_t MarkStackSize                            = 4194304                                   {product} {ergonomic}
   size_t MaxHeapSize                              = 8547991552                                {product} {ergonomic}
   size_t MaxNewSize                               = 5125439488                                {product} {ergonomic}
   size_t MinHeapDeltaBytes                        = 4194304                                   {product} {ergonomic}
   size_t MinHeapSize                              = 8388608                                   {product} {ergonomic}
    uintx NonNMethodCodeHeapSize                   = 7602480                                {pd product} {ergonomic}
    uintx NonProfiledCodeHeapSize                  = 122027880                              {pd product} {ergonomic}
    uintx ProfiledCodeHeapSize                     = 122027880                              {pd product} {ergonomic}
    uintx ReservedCodeCacheSize                    = 251658240                              {pd product} {ergonomic}
     bool SegmentedCodeCache                       = true                                      {product} {ergonomic}
   size_t SoftMaxHeapSize                          = 8547991552                             {manageable} {ergonomic}
     bool UseCompressedClassPointers               = true                           {product lp64_product} {ergonomic}
     bool UseCompressedOops                        = true                           {product lp64_product} {ergonomic}
     bool UseG1GC                                  = true                                      {product} {ergonomic}
     bool UseLargePagesIndividualAllocation        = false                                  {pd product} {ergonomic}

Logging:
Log output configuration:
 #0: stdout all=warning uptime,level,tags
 #1: stderr all=off uptime,level,tags

Environment Variables:
PATH=C:\Program Files\Microsoft\jdk-11.0.12.7-hotspot\bin;C:\Program Files\Common Files\Oracle\Java\javapath;C:\Program Files (x86)\Common Files\Oracle\Java\javapath;C:\Program Files (x86)\Razer Chroma SDK\bin;C:\Program Files\Razer Chroma SDK\bin;C:\Program Files (x86)\Razer\ChromaBroadcast\bin;C:\Program Files\Razer\ChromaBroadcast\bin;C:\windows\system32;C:\windows;C:\windows\System32\Wbem;C:\windows\System32\WindowsPowerShell\v1.0\;C:\windows\System32\OpenSSH\;C:\Program Files (x86)\NVIDIA Corporation\PhysX\Common;C:\Program Files\NVIDIA Corporation\NVIDIA NvDLISR;C:\Users\arneg\AppData\Local\Microsoft\WindowsApps;C:\windows\system32\config\systemprofile\AppData\Local\Microsoft\WindowsApps;C:\Program Files\dotnet\;C:\Program Files\Git\cmd;C:\Gradle\gradle-7.4.1\bin;C:\Program Files\Microsoft SQL Server\150\Tools\Binn\;C:\Program Files\Microsoft SQL Server\Client SDK\ODBC\170\Tools\Binn\;C:\Users\arneg\AppData\Local\Microsoft\WindowsApps;C:\Users\arneg\AppData\Local\GitHubDesktop\bin;E:\IntelliJ IDEA Community Edition 2021.3.3\bin;;C:\Gradle\gradle-7.4.1\bin;E:\Microsoft VS Code\bin;C:\Users\arneg\.dotnet\tools;E:\PyCharm Community Edition 2021.3.3\bin;
USERNAME=arneg
OS=Windows_NT
PROCESSOR_IDENTIFIER=Intel64 Family 6 Model 167 Stepping 1, GenuineIntel



---------------  S Y S T E M  ---------------

OS:
 Windows 11 , 64 bit Build 22000 (10.0.22000.613)
OS uptime: 0 days 0:26 hours
Hyper-V role detected

CPU: total 16 (initial active 16) (8 cores per cpu, 2 threads per core) family 6 model 167 stepping 1 microcode 0x40, cx8, cmov, fxsr, ht, mmx, 3dnowpref, sse, sse2, sse3, ssse3, sse4.1, sse4.2, popcnt, lzcnt, tsc, tscinvbit, avx, avx2, aes, erms, clmul, bmi1, bmi2, adx, avx512f, avx512dq, avx512cd, avx512bw, avx512vl, sha, fma, vzeroupper, avx512_vpopcntdq, avx512_vpclmulqdq, avx512_vaes, avx512_vnni, clflush, clflushopt, avx512_vbmi2, avx512_vbmi, hv

Memory: 4k page, system-wide physical 32605M (20990M free)
TotalPageFile size 37469M (AvailPageFile size 22145M)
current process WorkingSet (physical memory assigned to process): 119M, peak: 119M
current process commit charge ("private bytes"): 915M, peak: 916M

vm_info: OpenJDK 64-Bit Server VM (17.0.2+8-86) for windows-amd64 JRE (17.0.2+8-86), built on Dec  7 2021 21:49:10 by "mach5one" with MS VC++ 16.8 / 16.9 (VS2019)

END.
